  lab1.cpp
c:\5сем\осисп\lab1 — копия\lab1\lab1.cpp(106): warning C4244: -=: преобразование "float" в "LONG", возможна потеря данных
c:\5сем\осисп\lab1 — копия\lab1\lab1.cpp(110): warning C4244: =: преобразование "float" в "LONG", возможна потеря данных
c:\5сем\осисп\lab1 — копия\lab1\lab1.cpp(112): warning C4244: -=: преобразование "float" в "LONG", возможна потеря данных
c:\5сем\осисп\lab1 — копия\lab1\lab1.cpp(125): warning C4244: +=: преобразование "float" в "LONG", возможна потеря данных
c:\5сем\осисп\lab1 — копия\lab1\lab1.cpp(129): warning C4244: =: преобразование "float" в "LONG", возможна потеря данных
c:\5сем\осисп\lab1 — копия\lab1\lab1.cpp(131): warning C4244: +=: преобразование "float" в "LONG", возможна потеря данных
c:\5сем\осисп\lab1 — копия\lab1\lab1.cpp(144): warning C4244: -=: преобразование "float" в "LONG", возможна потеря данных
c:\5сем\осисп\lab1 — копия\lab1\lab1.cpp(148): warning C4244: =: преобразование "float" в "LONG", возможна потеря данных
c:\5сем\осисп\lab1 — копия\lab1\lab1.cpp(150): warning C4244: -=: преобразование "float" в "LONG", возможна потеря данных
c:\5сем\осисп\lab1 — копия\lab1\lab1.cpp(163): warning C4244: +=: преобразование "float" в "LONG", возможна потеря данных
c:\5сем\осисп\lab1 — копия\lab1\lab1.cpp(167): warning C4244: =: преобразование "float" в "LONG", возможна потеря данных
c:\5сем\осисп\lab1 — копия\lab1\lab1.cpp(169): warning C4244: +=: преобразование "float" в "LONG", возможна потеря данных
c:\5сем\осисп\lab1 — копия\lab1\lab1.cpp(187): warning C4244: аргумент: преобразование "int" в "float", возможна потеря данных
c:\5сем\осисп\lab1 — копия\lab1\lab1.cpp(192): warning C4244: аргумент: преобразование "int" в "float", возможна потеря данных
c:\5сем\осисп\lab1 — копия\lab1\lab1.cpp(198): warning C4244: аргумент: преобразование "int" в "float", возможна потеря данных
c:\5сем\осисп\lab1 — копия\lab1\lab1.cpp(208): warning C4244: аргумент: преобразование "int" в "float", возможна потеря данных
c:\5сем\осисп\lab1 — копия\lab1\lab1.cpp(213): warning C4244: аргумент: преобразование "int" в "float", возможна потеря данных
c:\5сем\осисп\lab1 — копия\lab1\lab1.cpp(219): warning C4244: аргумент: преобразование "int" в "float", возможна потеря данных
c:\5сем\осисп\lab1 — копия\lab1\lab1.cpp(229): warning C4244: аргумент: преобразование "int" в "float", возможна потеря данных
c:\5сем\осисп\lab1 — копия\lab1\lab1.cpp(234): warning C4244: аргумент: преобразование "int" в "float", возможна потеря данных
c:\5сем\осисп\lab1 — копия\lab1\lab1.cpp(240): warning C4244: аргумент: преобразование "int" в "float", возможна потеря данных
c:\5сем\осисп\lab1 — копия\lab1\lab1.cpp(250): warning C4244: аргумент: преобразование "int" в "float", возможна потеря данных
c:\5сем\осисп\lab1 — копия\lab1\lab1.cpp(255): warning C4244: аргумент: преобразование "int" в "float", возможна потеря данных
c:\5сем\осисп\lab1 — копия\lab1\lab1.cpp(261): warning C4244: аргумент: преобразование "int" в "float", возможна потеря данных
c:\5сем\осисп\lab1 — копия\lab1\lab1.cpp(269): warning C4244: аргумент: преобразование "int" в "float", возможна потеря данных
c:\5сем\осисп\lab1 — копия\lab1\lab1.cpp(271): warning C4244: аргумент: преобразование "int" в "float", возможна потеря данных
c:\5сем\осисп\lab1 — копия\lab1\lab1.cpp(273): warning C4244: аргумент: преобразование "int" в "float", возможна потеря данных
c:\5сем\осисп\lab1 — копия\lab1\lab1.cpp(275): warning C4244: аргумент: преобразование "int" в "float", возможна потеря данных
c:\5сем\осисп\lab1 — копия\lab1\lab1.cpp(397): warning C4244: аргумент: преобразование "float" в "UINT", возможна потеря данных
c:\5сем\осисп\lab1 — копия\lab1\lab1.cpp(412): warning C4305: *=: усечение из "double" в "float"
c:\5сем\осисп\lab1 — копия\lab1\lab1.cpp(413): warning C4244: аргумент: преобразование "float" в "UINT", возможна потеря данных
c:\5сем\осисп\lab1 — копия\lab1\lab1.cpp(424): warning C4305: /=: усечение из "double" в "float"
c:\5сем\осисп\lab1 — копия\lab1\lab1.cpp(425): warning C4244: аргумент: преобразование "float" в "UINT", возможна потеря данных
c:\5сем\осисп\lab1 — копия\lab1\lab1.cpp(443): warning C4244: аргумент: преобразование "int" в "float", возможна потеря данных
c:\5сем\осисп\lab1 — копия\lab1\lab1.cpp(447): warning C4244: аргумент: преобразование "int" в "float", возможна потеря данных
c:\5сем\осисп\lab1 — копия\lab1\lab1.cpp(451): warning C4244: аргумент: преобразование "int" в "float", возможна потеря данных
c:\5сем\осисп\lab1 — копия\lab1\lab1.cpp(456): warning C4244: аргумент: преобразование "int" в "float", возможна потеря данных
c:\5сем\осисп\lab1 — копия\lab1\lab1.cpp(470): warning C4244: аргумент: преобразование "int" в "float", возможна потеря данных
c:\5сем\осисп\lab1 — копия\lab1\lab1.cpp(472): warning C4244: аргумент: преобразование "int" в "float", возможна потеря данных
c:\5сем\осисп\lab1 — копия\lab1\lab1.cpp(475): warning C4244: аргумент: преобразование "int" в "float", возможна потеря данных
c:\5сем\осисп\lab1 — копия\lab1\lab1.cpp(477): warning C4244: аргумент: преобразование "int" в "float", возможна потеря данных
  lab1.vcxproj -> C:\5сем\ОСиСП\lab1 — копия\Debug\lab1.exe
